<?xml version="1.0" encoding="UTF-8"?>
<robot generator="Robot 3.2.1 (Python 3.8.1 on win32)" generated="20200511 21:37:40.575" rpa="false">
<suite id="s1" name="ValidatingJsonFile" source="E:\OnlyForPython\SELENIUM\RobotFramework\Rest-API-Robot\ValidatingJsonFile.robot">
<test id="s1-t1" name="TestCase1:">
<kw name="Load JSON From File" library="JSONLibrary">
<doc>Load JSON from file.</doc>
<arguments>
<arg>E:/OnlyForPython/SELENIUM/RobotFramework/india.json</arg>
</arguments>
<assign>
<var>${json_object}</var>
</assign>
<msg timestamp="20200511 21:37:41.183" level="INFO">${json_object} = {'firstName': 'John', 'lastName': 'doe', 'age': 26, 'address': {'streetAddress': 'naist street', 'city': 'Nara', 'postalCode': '630-0192'}, 'phoneNumbers': [{'type': 'iPhone', 'number': '0123-4567-888...</msg>
<status status="PASS" starttime="20200511 21:37:41.182" endtime="20200511 21:37:41.183"></status>
</kw>
<kw name="Get Value From Json" library="JSONLibrary">
<doc>Get Value From JSON using JSONPath</doc>
<arguments>
<arg>${json_object}</arg>
<arg>$.firstName</arg>
</arguments>
<assign>
<var>${name_value}</var>
</assign>
<msg timestamp="20200511 21:37:41.266" level="INFO">${name_value} = ['John']</msg>
<status status="PASS" starttime="20200511 21:37:41.184" endtime="20200511 21:37:41.266"></status>
</kw>
<kw name="Log To Console" library="BuiltIn">
<doc>Logs the given message to the console.</doc>
<arguments>
<arg>${name_value[0]}</arg>
</arguments>
<status status="PASS" starttime="20200511 21:37:41.267" endtime="20200511 21:37:41.268"></status>
</kw>
<kw name="Should Be Equal" library="BuiltIn">
<doc>Fails if the given objects are unequal.</doc>
<arguments>
<arg>${name_value[0]}</arg>
<arg>John</arg>
</arguments>
<status status="PASS" starttime="20200511 21:37:41.271" endtime="20200511 21:37:41.272"></status>
</kw>
<kw name="Get Value From Json" library="JSONLibrary">
<doc>Get Value From JSON using JSONPath</doc>
<arguments>
<arg>${json_object}</arg>
<arg>$.phoneNumbers[0].number</arg>
</arguments>
<assign>
<var>${number}</var>
</assign>
<msg timestamp="20200511 21:37:41.351" level="INFO">${number} = ['0123-4567-8888']</msg>
<status status="PASS" starttime="20200511 21:37:41.273" endtime="20200511 21:37:41.351"></status>
</kw>
<kw name="Log To Console" library="BuiltIn">
<doc>Logs the given message to the console.</doc>
<arguments>
<arg>${number[0]}</arg>
</arguments>
<status status="PASS" starttime="20200511 21:37:41.352" endtime="20200511 21:37:41.354"></status>
</kw>
<kw name="Get Value From Json" library="JSONLibrary">
<doc>Get Value From JSON using JSONPath</doc>
<arguments>
<arg>${json_object}</arg>
<arg>$.address.city</arg>
</arguments>
<assign>
<var>${address}</var>
</assign>
<msg timestamp="20200511 21:37:41.411" level="INFO">${address} = ['Nara']</msg>
<status status="PASS" starttime="20200511 21:37:41.355" endtime="20200511 21:37:41.411"></status>
</kw>
<kw name="Log To Console" library="BuiltIn">
<doc>Logs the given message to the console.</doc>
<arguments>
<arg>${address}</arg>
</arguments>
<status status="PASS" starttime="20200511 21:37:41.412" endtime="20200511 21:37:41.412"></status>
</kw>
<kw name="Should Be Equal" library="BuiltIn">
<doc>Fails if the given objects are unequal.</doc>
<arguments>
<arg>${address[0]}</arg>
<arg>Nara</arg>
</arguments>
<status status="PASS" starttime="20200511 21:37:41.413" endtime="20200511 21:37:41.413"></status>
</kw>
<status status="PASS" starttime="20200511 21:37:41.181" endtime="20200511 21:37:41.414" critical="yes"></status>
</test>
<status status="PASS" starttime="20200511 21:37:40.578" endtime="20200511 21:37:41.415"></status>
</suite>
<statistics>
<total>
<stat pass="1" fail="0">Critical Tests</stat>
<stat pass="1" fail="0">All Tests</stat>
</total>
<tag>
</tag>
<suite>
<stat pass="1" fail="0" id="s1" name="ValidatingJsonFile">ValidatingJsonFile</stat>
</suite>
</statistics>
<errors>
</errors>
</robot>
